<?xml version="1.0" encoding="UTF-8"?>
<!-- Generated by org.testng.reporters.JUnitXMLReporter -->
<testsuite ignored="3" hostname="SL3" failures="0" tests="0" time="0.045" errors="0" timestamp="2026-02-18T13:59:25 IST">
  <testcase classname="testScripts.RdbtnChbxDrpDwnTest" name="dropDwnTest" time="0.0">
    <ignored/>
  </testcase> <!-- dropDwnTest -->
  <testcase classname="testScripts.RdbtnChbxDrpDwnTest" name="chkbxTst" time="0.0">
    <ignored/>
  </testcase> <!-- chkbxTst -->
  <testcase classname="testScripts.RdbtnChbxDrpDwnTest" name="rdbtnTest" time="0.0">
    <ignored/>
  </testcase> <!-- rdbtnTest -->
</testsuite>
