<?xml version="1.0" encoding="UTF-8"?>
<!-- Generated by org.testng.reporters.JUnitXMLReporter -->
<testsuite ignored="0" hostname="SL3" failures="0" tests="4" name="ModuleOneTest" time="11.087" errors="0" timestamp="2026-03-04T17:30:35 IST">
  <testcase classname="Parallelscript.SampleTestOne2" name="TestFour" time="10.699"/>
  <testcase classname="Parallelscript.SampleTestOne2" name="TestThree" time="10.872"/>
  <testcase classname="Parallelscript.SampleTestOne2" name="TestOne" time="10.97"/>
  <testcase classname="Parallelscript.SampleTestOne2" name="Testtwo" time="10.987"/>
</testsuite> <!-- ModuleOneTest -->
