<?xml version="1.0" encoding="UTF-8"?>
<!-- Generated by org.testng.reporters.JUnitXMLReporter -->
<testsuite ignored="0" hostname="SL3" failures="0" tests="4" name="ModuleTwoTest" time="19.431" errors="0" timestamp="2026-02-17T12:23:41 IST">
  <testcase classname="Parallelscript.SampleTestOne2" name="TestFour" time="5.841"/>
  <testcase classname="Parallelscript.SampleTestOne2" name="TestOne" time="3.432"/>
  <testcase classname="Parallelscript.SampleTestOne2" name="TestThree" time="5.076"/>
  <testcase classname="Parallelscript.SampleTestOne2" name="Testtwo" time="5.02"/>
</testsuite> <!-- ModuleTwoTest -->
