<?xml version="1.0" encoding="UTF-8"?>
<testng-results ignored="0" total="4" passed="4" failed="0" skipped="0">
  <reporter-output>
  </reporter-output>
  <suite started-at="2026-03-04T17:30:24 IST" name="SampleSuite" finished-at="2026-03-04T17:30:35 IST" duration-ms="11087">
    <groups>
    </groups>
    <test started-at="2026-03-04T17:30:24 IST" name="ModuleOneTest" finished-at="2026-03-04T17:30:35 IST" duration-ms="11087">
      <class name="Parallelscript.SampleTestOne2">
        <test-method signature="Testtwo()[pri:0, instance:Parallelscript.SampleTestOne2@3b69e7d1]" started-at="2026-03-04T17:30:24 IST" name="Testtwo" finished-at="2026-03-04T17:30:35 IST" duration-ms="10987" status="PASS">
          <reporter-output>
          </reporter-output>
        </test-method> <!-- Testtwo -->
        <test-method signature="TestFour()[pri:0, instance:Parallelscript.SampleTestOne2@3b69e7d1]" started-at="2026-03-04T17:30:24 IST" name="TestFour" finished-at="2026-03-04T17:30:34 IST" duration-ms="10699" status="PASS">
          <reporter-output>
          </reporter-output>
        </test-method> <!-- TestFour -->
        <test-method signature="TestOne()[pri:0, instance:Parallelscript.SampleTestOne2@3b69e7d1]" started-at="2026-03-04T17:30:24 IST" name="TestOne" finished-at="2026-03-04T17:30:35 IST" duration-ms="10970" status="PASS">
          <reporter-output>
          </reporter-output>
        </test-method> <!-- TestOne -->
        <test-method signature="TestThree()[pri:0, instance:Parallelscript.SampleTestOne2@3b69e7d1]" started-at="2026-03-04T17:30:24 IST" name="TestThree" finished-at="2026-03-04T17:30:35 IST" duration-ms="10872" status="PASS">
          <reporter-output>
          </reporter-output>
        </test-method> <!-- TestThree -->
      </class> <!-- Parallelscript.SampleTestOne2 -->
    </test> <!-- ModuleOneTest -->
  </suite> <!-- SampleSuite -->
</testng-results>
