<?xml version="1.0" encoding="UTF-8"?>
<!-- Generated by org.testng.reporters.JUnitReportReporter -->
<testsuite hostname="SL3" failures="0" tests="4" name="Parallelscript.SampleTestOne2" time="43.528" errors="0" timestamp="2026-03-04T17:30:35 IST" skipped="0">
  <testcase classname="Parallelscript.SampleTestOne2" name="Testtwo" time="10.987"/>
  <testcase classname="Parallelscript.SampleTestOne2" name="TestFour" time="10.699"/>
  <testcase classname="Parallelscript.SampleTestOne2" name="TestThree" time="10.872"/>
  <testcase classname="Parallelscript.SampleTestOne2" name="TestOne" time="10.970"/>
</testsuite> <!-- Parallelscript.SampleTestOne2 -->
