<?xml version="1.0" encoding="UTF-8"?>
<!-- Generated by org.testng.reporters.JUnitReportReporter -->
<testsuite hostname="SL3" failures="0" tests="4" name="Parallelscript.SampleTestOne2" time="19.369" errors="0" timestamp="2026-02-17T12:23:41 IST" skipped="0">
  <testcase classname="Parallelscript.SampleTestOne2" name="TestFour" time="5.841"/>
  <testcase classname="Parallelscript.SampleTestOne2" name="Testtwo" time="5.020"/>
  <testcase classname="Parallelscript.SampleTestOne2" name="TestOne" time="3.432"/>
  <testcase classname="Parallelscript.SampleTestOne2" name="TestThree" time="5.076"/>
</testsuite> <!-- Parallelscript.SampleTestOne2 -->
