<?xml version="1.0" encoding="UTF-8"?>
<!-- Generated by org.testng.reporters.JUnitReportReporter -->
<testsuite hostname="SL3" failures="0" tests="3" name="Parallelscript.SampleTestOne" time="16.574" errors="0" timestamp="2026-02-17T12:23:41 IST" skipped="0">
  <testcase classname="Parallelscript.SampleTestOne" name="TestOne" time="5.557"/>
  <testcase classname="Parallelscript.SampleTestOne" name="TestThree" time="6.061"/>
  <testcase classname="Parallelscript.SampleTestOne" name="Testtwo" time="4.956"/>
</testsuite> <!-- Parallelscript.SampleTestOne -->
