<?xml version="1.0" encoding="UTF-8"?>
<!-- Generated by org.testng.reporters.JUnitReportReporter -->
<testsuite hostname="SL3" failures="0" tests="3" name="testScripts.ObjectRepoTest" time="24.236" errors="0" timestamp="2026-02-18T12:42:19 IST" skipped="0">
  <testcase classname="testScripts.ObjectRepoTest" name="LoginTest" time="5.230"/>
  <testcase classname="testScripts.ObjectRepoTest" name="LoginTest" time="8.049"/>
  <testcase classname="testScripts.ObjectRepoTest" name="LoginTest" time="10.957"/>
</testsuite> <!-- testScripts.ObjectRepoTest -->
