<?xml version="1.0" encoding="UTF-8"?>
<!-- Generated by org.testng.reporters.JUnitReportReporter -->
<testsuite hostname="SL3" failures="0" tests="3" name="testScripts.DataDrivenTest" time="17.057" errors="0" timestamp="2026-02-18T10:34:06 IST" skipped="0">
  <testcase classname="testScripts.DataDrivenTest" name="LoginTest" time="3.450"/>
  <testcase classname="testScripts.DataDrivenTest" name="LoginTest" time="10.339"/>
  <testcase classname="testScripts.DataDrivenTest" name="LoginTest" time="3.268"/>
</testsuite> <!-- testScripts.DataDrivenTest -->
